<?xml version="1.0" encoding="UTF-8"?>
<!-- Generated by org.testng.reporters.JUnitXMLReporter -->
<testsuite ignored="0" hostname="INLEN8520075188" failures="0" tests="3" name="Default test" time="8.836" errors="0" timestamp="2024-08-25T17:34:13 IST">
  <testcase classname="com.freelancer.testcases.LoginScreen" name="LoginApp" time="1.968"/>
  <testcase classname="com.freelancer.testcases.LoginScreen" name="VerifyNoOfSocialLinks" time="0.079"/>
  <testcase classname="com.freelancer.testcases.LoginScreen" name="selectSignUp" time="0.572"/>
</testsuite> <!-- Default test -->
