<?xml version="1.0" encoding="UTF-8"?>
<testng-results ignored="0" total="3" passed="3" failed="0" skipped="0">
  <reporter-output>
  </reporter-output>
  <suite started-at="2024-08-25T17:34:05 IST" name="Default suite" finished-at="2024-08-25T17:34:13 IST" duration-ms="8836">
    <groups>
    </groups>
    <test started-at="2024-08-25T17:34:05 IST" name="Default test" finished-at="2024-08-25T17:34:13 IST" duration-ms="8836">
      <class name="com.freelancer.testcases.LoginScreen">
        <test-method is-config="true" signature="setup()[pri:0, instance:com.freelancer.testcases.LoginScreen@353352b6]" started-at="2024-08-25T17:34:05 IST" name="setup" finished-at="2024-08-25T17:34:10 IST" duration-ms="5281" status="PASS">
          <reporter-output>
          </reporter-output>
        </test-method> <!-- setup -->
        <test-method signature="LoginApp(java.lang.String,java.lang.String)[pri:1, instance:com.freelancer.testcases.LoginScreen@353352b6]" started-at="2024-08-25T17:34:10 IST" name="LoginApp" data-provider="LoginCredentials" finished-at="2024-08-25T17:34:12 IST" duration-ms="1968" status="PASS">
          <params>
            <param index="0">
              <value>
                <![CDATA[admin@email.com]]>
              </value>
            </param>
            <param index="1">
              <value>
                <![CDATA[admin@123]]>
              </value>
            </param>
          </params>
          <reporter-output>
          </reporter-output>
        </test-method> <!-- LoginApp -->
        <test-method signature="VerifyNoOfSocialLinks()[pri:2, instance:com.freelancer.testcases.LoginScreen@353352b6]" started-at="2024-08-25T17:34:12 IST" name="VerifyNoOfSocialLinks" description="This test is to verify no of links" finished-at="2024-08-25T17:34:13 IST" duration-ms="79" status="PASS">
          <reporter-output>
          </reporter-output>
        </test-method> <!-- VerifyNoOfSocialLinks -->
        <test-method signature="selectSignUp()[pri:3, instance:com.freelancer.testcases.LoginScreen@353352b6]" started-at="2024-08-25T17:34:13 IST" name="selectSignUp" description=" this test is to verify user is able to select sign in" finished-at="2024-08-25T17:34:13 IST" duration-ms="572" status="PASS">
          <reporter-output>
          </reporter-output>
        </test-method> <!-- selectSignUp -->
        <test-method is-config="true" signature="tearDown()[pri:0, instance:com.freelancer.testcases.LoginScreen@353352b6]" started-at="2024-08-25T17:34:13 IST" name="tearDown" finished-at="2024-08-25T17:34:13 IST" duration-ms="347" status="PASS">
          <reporter-output>
          </reporter-output>
        </test-method> <!-- tearDown -->
      </class> <!-- com.freelancer.testcases.LoginScreen -->
    </test> <!-- Default test -->
  </suite> <!-- Default suite -->
</testng-results>
